0 info it worked if it ends with ok
1 verbose cli [ 'C:\\Program Files\\nodejs\\node.exe',
1 verbose cli   'C:\\Program Files\\nodejs\\node_modules\\npm\\bin\\npm-cli.js',
1 verbose cli   'install',
1 verbose cli   '--save',
1 verbose cli   'jquery@1.1.2' ]
2 info using npm@3.3.12
3 info using node@v5.2.0
4 silly loadCurrentTree Starting
5 silly install loadCurrentTree
6 silly install readLocalPackageData
7 silly fetchPackageMetaData jquery@1.1.2
8 silly fetchNamedPackageData jquery
9 silly mapToRegistry name jquery
10 silly mapToRegistry using default registry
11 silly mapToRegistry registry https://registry.npm.taobao.org/
12 silly mapToRegistry uri https://registry.npm.taobao.org/jquery
13 verbose request uri https://registry.npm.taobao.org/jquery
14 verbose request no auth needed
15 info attempt registry request try #1 at 13:00:05
16 verbose request id 4ce7dca7eec8c9fd
17 verbose etag "16600-yupEKa5w+/BpktqUMQM/ig"
18 http request GET https://registry.npm.taobao.org/jquery
19 http 304 https://registry.npm.taobao.org/jquery
20 verbose headers { date: 'Sat, 11 Mar 2017 05:00:05 GMT',
20 verbose headers   connection: 'keep-alive',
20 verbose headers   'x-current-requests': '1',
20 verbose headers   etag: '"16600-yupEKa5w+/BpktqUMQM/ig"',
20 verbose headers   'x-readtime': '31' }
21 silly get cb [ 304,
21 silly get   { date: 'Sat, 11 Mar 2017 05:00:05 GMT',
21 silly get     connection: 'keep-alive',
21 silly get     'x-current-requests': '1',
21 silly get     etag: '"16600-yupEKa5w+/BpktqUMQM/ig"',
21 silly get     'x-readtime': '31' } ]
22 verbose etag https://registry.npm.taobao.org/jquery from cache
23 verbose get saving jquery to C:\Users\hom\AppData\Roaming\npm-cache\registry.npm.taobao.org\jquery\.cache.json
24 silly fetchPackageMetaData Error: No compatible version found: jquery@1.1.2
24 silly fetchPackageMetaData Valid install targets:
24 silly fetchPackageMetaData 3.1.1, 3.1.0, 3.0.0, 3.0.0-rc1, 3.0.0-beta1, 3.0.0-alpha1, 2.2.4, 2.2.3, 2.2.2, 2.2.1, 2.2.0, 2.1.4, 2.1.3, 2.1.2, 2.1.1, 2.1.1-rc2, 2.1.1-rc1, 2.1.1-beta1, 2.1.0, 2.1.0-rc1, 2.1.0-beta3, 2.1.0-beta2, 1.12.4, 1.12.3, 1.12.2, 1.12.1, 1.12.0, 1.11.3, 1.11.2, 1.11.1, 1.11.1-rc2, 1.11.1-rc1, 1.11.1-beta1, 1.11.0, 1.11.0-rc1, 1.11.0-beta3, 1.9.1, 1.8.3, 1.8.2, 1.7.3, 1.7.2, 1.6.3, 1.6.2, 1.5.1
24 silly fetchPackageMetaData
24 silly fetchPackageMetaData     at pickVersionFromRegistryDocument (C:\Program Files\nodejs\node_modules\npm\lib\fetch-package-metadata.js:156:16)
24 silly fetchPackageMetaData     at C:\Program Files\nodejs\node_modules\npm\node_modules\iferr\index.js:13:50
24 silly fetchPackageMetaData     at C:\Program Files\nodejs\node_modules\npm\lib\utils\pulse-till-done.js:19:8
24 silly fetchPackageMetaData     at saved (C:\Program Files\nodejs\node_modules\npm\lib\cache\caching-client.js:168:7)
24 silly fetchPackageMetaData     at C:\Program Files\nodejs\node_modules\npm\node_modules\graceful-fs\polyfills.js:210:7
24 silly fetchPackageMetaData     at FSReqWrap.oncomplete (fs.js:83:15)
24 silly fetchPackageMetaData  error for jquery@1.1.2 [Error: No compatible version found: jquery@1.1.2
24 silly fetchPackageMetaData Valid install targets:
24 silly fetchPackageMetaData 3.1.1, 3.1.0, 3.0.0, 3.0.0-rc1, 3.0.0-beta1, 3.0.0-alpha1, 2.2.4, 2.2.3, 2.2.2, 2.2.1, 2.2.0, 2.1.4, 2.1.3, 2.1.2, 2.1.1, 2.1.1-rc2, 2.1.1-rc1, 2.1.1-beta1, 2.1.0, 2.1.0-rc1, 2.1.0-beta3, 2.1.0-beta2, 1.12.4, 1.12.3, 1.12.2, 1.12.1, 1.12.0, 1.11.3, 1.11.2, 1.11.1, 1.11.1-rc2, 1.11.1-rc1, 1.11.1-beta1, 1.11.0, 1.11.0-rc1, 1.11.0-beta3, 1.9.1, 1.8.3, 1.8.2, 1.7.3, 1.7.2, 1.6.3, 1.6.2, 1.5.1
24 silly fetchPackageMetaData ]
25 silly rollbackFailedOptional Starting
26 silly rollbackFailedOptional Finishing
27 silly runTopLevelLifecycles Starting
28 silly runTopLevelLifecycles Finishing
29 silly install printInstalled
30 verbose stack Error: No compatible version found: jquery@1.1.2
30 verbose stack Valid install targets:
30 verbose stack 3.1.1, 3.1.0, 3.0.0, 3.0.0-rc1, 3.0.0-beta1, 3.0.0-alpha1, 2.2.4, 2.2.3, 2.2.2, 2.2.1, 2.2.0, 2.1.4, 2.1.3, 2.1.2, 2.1.1, 2.1.1-rc2, 2.1.1-rc1, 2.1.1-beta1, 2.1.0, 2.1.0-rc1, 2.1.0-beta3, 2.1.0-beta2, 1.12.4, 1.12.3, 1.12.2, 1.12.1, 1.12.0, 1.11.3, 1.11.2, 1.11.1, 1.11.1-rc2, 1.11.1-rc1, 1.11.1-beta1, 1.11.0, 1.11.0-rc1, 1.11.0-beta3, 1.9.1, 1.8.3, 1.8.2, 1.7.3, 1.7.2, 1.6.3, 1.6.2, 1.5.1
30 verbose stack
30 verbose stack     at pickVersionFromRegistryDocument (C:\Program Files\nodejs\node_modules\npm\lib\fetch-package-metadata.js:156:16)
30 verbose stack     at C:\Program Files\nodejs\node_modules\npm\node_modules\iferr\index.js:13:50
30 verbose stack     at C:\Program Files\nodejs\node_modules\npm\lib\utils\pulse-till-done.js:19:8
30 verbose stack     at saved (C:\Program Files\nodejs\node_modules\npm\lib\cache\caching-client.js:168:7)
30 verbose stack     at C:\Program Files\nodejs\node_modules\npm\node_modules\graceful-fs\polyfills.js:210:7
30 verbose stack     at FSReqWrap.oncomplete (fs.js:83:15)
31 verbose cwd C:\wamp\www\boxuegu
32 error Windows_NT 6.3.9600
33 error argv "C:\\Program Files\\nodejs\\node.exe" "C:\\Program Files\\nodejs\\node_modules\\npm\\bin\\npm-cli.js" "install" "--save" "jquery@1.1.2"
34 error node v5.2.0
35 error npm  v3.3.12
36 error No compatible version found: jquery@1.1.2
36 error Valid install targets:
36 error 3.1.1, 3.1.0, 3.0.0, 3.0.0-rc1, 3.0.0-beta1, 3.0.0-alpha1, 2.2.4, 2.2.3, 2.2.2, 2.2.1, 2.2.0, 2.1.4, 2.1.3, 2.1.2, 2.1.1, 2.1.1-rc2, 2.1.1-rc1, 2.1.1-beta1, 2.1.0, 2.1.0-rc1, 2.1.0-beta3, 2.1.0-beta2, 1.12.4, 1.12.3, 1.12.2, 1.12.1, 1.12.0, 1.11.3, 1.11.2, 1.11.1, 1.11.1-rc2, 1.11.1-rc1, 1.11.1-beta1, 1.11.0, 1.11.0-rc1, 1.11.0-beta3, 1.9.1, 1.8.3, 1.8.2, 1.7.3, 1.7.2, 1.6.3, 1.6.2, 1.5.1
37 error If you need help, you may report this error at:
37 error     <https://github.com/npm/npm/issues>
38 verbose exit [ 1, true ]
